{"/Users/chenyunyi/Desktop/webpack/learn-webpack/builder-webpack/lib/webpack.base.js":{"path":"/Users/chenyunyi/Desktop/webpack/learn-webpack/builder-webpack/lib/webpack.base.js","s":{"1":1,"2":1,"3":1,"4":1,"5":1,"6":1,"7":1,"8":1,"9":1,"10":1,"11":1,"12":1,"13":2,"14":2,"15":2,"16":2,"17":2,"18":1,"19":1,"20":1,"21":0,"22":0,"23":0,"24":0},"b":{"1":[2,2],"2":[0,0],"3":[0,0,0]},"f":{"1":0},"fnMap":{"1":{"name":"errorPlugin","line":129,"loc":{"start":{"line":129,"column":4},"end":{"line":129,"column":27}}}},"statementMap":{"1":{"start":{"line":1,"column":0},"end":{"line":1,"column":29}},"2":{"start":{"line":2,"column":0},"end":{"line":2,"column":29}},"3":{"start":{"line":3,"column":0},"end":{"line":3,"column":57}},"4":{"start":{"line":4,"column":0},"end":{"line":4,"column":59}},"5":{"start":{"line":5,"column":0},"end":{"line":5,"column":78}},"6":{"start":{"line":6,"column":0},"end":{"line":6,"column":64}},"7":{"start":{"line":19,"column":0},"end":{"line":19,"column":34}},"8":{"start":{"line":21,"column":0},"end":{"line":62,"column":2}},"9":{"start":{"line":22,"column":2},"end":{"line":22,"column":19}},"10":{"start":{"line":23,"column":2},"end":{"line":23,"column":32}},"11":{"start":{"line":24,"column":2},"end":{"line":24,"column":75}},"12":{"start":{"line":26,"column":2},"end":{"line":59,"column":3}},"13":{"start":{"line":28,"column":4},"end":{"line":28,"column":35}},"14":{"start":{"line":30,"column":4},"end":{"line":30,"column":58}},"15":{"start":{"line":31,"column":4},"end":{"line":31,"column":39}},"16":{"start":{"line":39,"column":4},"end":{"line":39,"column":31}},"17":{"start":{"line":40,"column":4},"end":{"line":58,"column":5}},"18":{"start":{"line":61,"column":2},"end":{"line":61,"column":39}},"19":{"start":{"line":63,"column":0},"end":{"line":63,"column":47}},"20":{"start":{"line":65,"column":0},"end":{"line":139,"column":2}},"21":{"start":{"line":130,"column":6},"end":{"line":136,"column":9}},"22":{"start":{"line":132,"column":8},"end":{"line":135,"column":9}},"23":{"start":{"line":133,"column":10},"end":{"line":133,"column":51}},"24":{"start":{"line":134,"column":10},"end":{"line":134,"column":26}}},"branchMap":{"1":{"line":31,"type":"binary-expr","locations":[{"start":{"line":31,"column":21},"end":{"line":31,"column":26}},{"start":{"line":31,"column":30},"end":{"line":31,"column":38}}]},"2":{"line":132,"type":"if","locations":[{"start":{"line":132,"column":8},"end":{"line":132,"column":8}},{"start":{"line":132,"column":8},"end":{"line":132,"column":8}}]},"3":{"line":132,"type":"binary-expr","locations":[{"start":{"line":132,"column":12},"end":{"line":132,"column":36}},{"start":{"line":132,"column":40},"end":{"line":132,"column":71}},{"start":{"line":132,"column":75},"end":{"line":132,"column":113}}]}}}}